Arguments: 
  /usr/local/Cellar/node/13.11.0/bin/node /usr/local/Cellar/yarn/1.5.1_1/libexec/bin/yarn.js upgrade @sanity/cli

PATH: 
  /Users/dimo/cmd_libs/google-cloud-sdk/bin:/usr/local/opt/php@7.1/sbin:/usr/local/opt/php@7.1/bin:/Users/dimo/cmd_libs/google-cloud-sdk/bin:/usr/local/opt/php@7.1/sbin:/usr/local/opt/php@7.1/bin:/usr/local/bin:/usr/bin:/bin:/usr/sbin:/sbin

Yarn version: 
  1.5.1

Node version: 
  13.11.0

Platform: 
  darwin x64

npm manifest: 
  {
    "private": true,
    "name": "sanity-gatsby-blog",
    "version": "1.0.2",
    "scripts": {
      "build": "lerna run build --parallel",
      "dev": "lerna run dev --parallel",
      "format": "lerna run format",
      "build-studio": "lerna bootstrap && (cd studio && npm run build)",
      "build-web": "lerna bootstrap && (cd studio && SANITY_AUTH_TOKEN=$SANITY_DEPLOY_STUDIO_TOKEN npm run graphql-deploy) && (cd web && npm run build)",
      "graphql-deploy": "lerna run graphql-deploy",
      "lint": "lerna run lint",
      "postinstall": "lerna bootstrap",
      "test": "echo \"Error: no test specified\" && exit 1"
    },
    "devDependencies": {
      "@sanity/cli": "^1.149.13",
      "lerna": "^3.21.0"
    }
  }

yarn manifest: 
  No manifest

Lockfile: 
  No lockfile

Trace: 
  Error: No lockfile in this directory. Run `yarn install` to generate one.
      at new MessageError (/usr/local/Cellar/yarn/1.5.1_1/libexec/lib/cli.js:186:110)
      at /usr/local/Cellar/yarn/1.5.1_1/libexec/lib/cli.js:89389:13
